[38;5;127mlibs[0m/[38;5;172mnvidia-cuda[0m/[38;5;67m11.2.0[0m/[38;5;68mbin[0m
 |
 [0;32mOK[0m
wandb: Appending key for api.wandb.ai to your netrc file: /users/adfx758/.netrc
wandb: Currently logged in as: fabulouspidgeon (sean-lim). Use `wandb login --relogin` to force relogin
wandb: wandb version 0.16.6 is available!  To upgrade, please run:
wandb:  $ pip install wandb --upgrade
wandb: Tracking run with wandb version 0.16.2
wandb: Run data is saved locally in /users/adfx758/Deep-Learning-Img-Analysis/wandb/run-20240414_111917-0el6s0gp
wandb: Run `wandb offline` to turn off syncing.
wandb: Syncing run logger-inm705_Baseline_Contrastive
wandb: ⭐️ View project at https://wandb.ai/sean-lim/inm705_CW
wandb: 🚀 View run at https://wandb.ai/sean-lim/inm705_CW/runs/0el6s0gp
Traceback (most recent call last):
  File "/users/adfx758/Deep-Learning-Img-Analysis/train_contrastive.py", line 230, in <module>
    main()
  File "/users/adfx758/Deep-Learning-Img-Analysis/train_contrastive.py", line 226, in main
    train(data_settings, model_settings, train_settings)
  File "/users/adfx758/Deep-Learning-Img-Analysis/train_contrastive.py", line 168, in train
    plot_embeds(data_settings, contrastive_model, asl_train_testloader, epoch=epoch, mode='Training', logger=logger)
UnboundLocalError: local variable 'epoch' referenced before assignment
wandb: - 0.007 MB of 0.007 MB uploadedwandb: \ 0.007 MB of 0.009 MB uploadedwandb: | 0.008 MB of 0.009 MB uploadedwandb: 🚀 View run logger-inm705_Baseline_Contrastive at: https://wandb.ai/sean-lim/inm705_CW/runs/0el6s0gp
wandb: ️⚡ View job at https://wandb.ai/sean-lim/inm705_CW/jobs/QXJ0aWZhY3RDb2xsZWN0aW9uOjE1NDI5OTcyNw==/version_details/v3
wandb: Synced 5 W&B file(s), 0 media file(s), 0 artifact file(s) and 0 other file(s)
wandb: Find logs at: ./wandb/run-20240414_111917-0el6s0gp/logs
