[38;5;127mlibs[0m/[38;5;172mnvidia-cuda[0m/[38;5;67m11.2.0[0m/[38;5;68mbin[0m
 |
 [0;32mOK[0m
wandb: Appending key for api.wandb.ai to your netrc file: /users/adfx758/.netrc
wandb: Currently logged in as: fabulouspidgeon (sean-lim). Use `wandb login --relogin` to force relogin
wandb: wandb version 0.16.6 is available!  To upgrade, please run:
wandb:  $ pip install wandb --upgrade
wandb: Tracking run with wandb version 0.16.2
wandb: Run data is saved locally in /users/adfx758/Deep-Learning-Img-Analysis/wandb/run-20240415_152119-mfgnm5gm
wandb: Run `wandb offline` to turn off syncing.
wandb: Syncing run logger-inm705_Backbone
wandb: ⭐️ View project at https://wandb.ai/sean-lim/inm705_CW
wandb: 🚀 View run at https://wandb.ai/sean-lim/inm705_CW/runs/mfgnm5gm
/users/adfx758/.pyenv/versions/inm705_CW/lib/python3.9/site-packages/sklearn/metrics/_classification.py:1471: UndefinedMetricWarning: Precision is ill-defined and being set to 0.0 in labels with no predicted samples. Use `zero_division` parameter to control this behavior.
  _warn_prf(average, modifier, msg_start, len(result))
/users/adfx758/.pyenv/versions/inm705_CW/lib/python3.9/site-packages/sklearn/metrics/_classification.py:1471: UndefinedMetricWarning: Recall is ill-defined and being set to 0.0 in labels with no true samples. Use `zero_division` parameter to control this behavior.
  _warn_prf(average, modifier, msg_start, len(result))
/users/adfx758/.pyenv/versions/inm705_CW/lib/python3.9/site-packages/sklearn/metrics/_classification.py:1471: UndefinedMetricWarning: Precision is ill-defined and being set to 0.0 in labels with no predicted samples. Use `zero_division` parameter to control this behavior.
  _warn_prf(average, modifier, msg_start, len(result))
/users/adfx758/.pyenv/versions/inm705_CW/lib/python3.9/site-packages/sklearn/metrics/_classification.py:1471: UndefinedMetricWarning: Recall is ill-defined and being set to 0.0 in labels with no true samples. Use `zero_division` parameter to control this behavior.
  _warn_prf(average, modifier, msg_start, len(result))
/users/adfx758/.pyenv/versions/inm705_CW/lib/python3.9/site-packages/sklearn/metrics/_classification.py:1471: UndefinedMetricWarning: Precision is ill-defined and being set to 0.0 in labels with no predicted samples. Use `zero_division` parameter to control this behavior.
  _warn_prf(average, modifier, msg_start, len(result))
/users/adfx758/.pyenv/versions/inm705_CW/lib/python3.9/site-packages/sklearn/metrics/_classification.py:1471: UndefinedMetricWarning: Recall is ill-defined and being set to 0.0 in labels with no true samples. Use `zero_division` parameter to control this behavior.
  _warn_prf(average, modifier, msg_start, len(result))
/users/adfx758/.pyenv/versions/inm705_CW/lib/python3.9/site-packages/sklearn/metrics/_classification.py:1471: UndefinedMetricWarning: Recall is ill-defined and being set to 0.0 in labels with no true samples. Use `zero_division` parameter to control this behavior.
  _warn_prf(average, modifier, msg_start, len(result))
/users/adfx758/.pyenv/versions/inm705_CW/lib/python3.9/site-packages/sklearn/metrics/_classification.py:1471: UndefinedMetricWarning: Recall is ill-defined and being set to 0.0 in labels with no true samples. Use `zero_division` parameter to control this behavior.
  _warn_prf(average, modifier, msg_start, len(result))
/users/adfx758/.pyenv/versions/inm705_CW/lib/python3.9/site-packages/sklearn/metrics/_classification.py:1471: UndefinedMetricWarning: Recall is ill-defined and being set to 0.0 in labels with no true samples. Use `zero_division` parameter to control this behavior.
  _warn_prf(average, modifier, msg_start, len(result))
/users/adfx758/.pyenv/versions/inm705_CW/lib/python3.9/site-packages/sklearn/metrics/_classification.py:1471: UndefinedMetricWarning: Recall is ill-defined and being set to 0.0 in labels with no true samples. Use `zero_division` parameter to control this behavior.
  _warn_prf(average, modifier, msg_start, len(result))
/users/adfx758/.pyenv/versions/inm705_CW/lib/python3.9/site-packages/sklearn/metrics/_classification.py:1471: UndefinedMetricWarning: Recall is ill-defined and being set to 0.0 in labels with no true samples. Use `zero_division` parameter to control this behavior.
  _warn_prf(average, modifier, msg_start, len(result))
/users/adfx758/.pyenv/versions/inm705_CW/lib/python3.9/site-packages/sklearn/metrics/_classification.py:1471: UndefinedMetricWarning: Recall is ill-defined and being set to 0.0 in labels with no true samples. Use `zero_division` parameter to control this behavior.
  _warn_prf(average, modifier, msg_start, len(result))
/users/adfx758/.pyenv/versions/inm705_CW/lib/python3.9/site-packages/sklearn/metrics/_classification.py:1471: UndefinedMetricWarning: Recall is ill-defined and being set to 0.0 in labels with no true samples. Use `zero_division` parameter to control this behavior.
  _warn_prf(average, modifier, msg_start, len(result))
wandb: - 0.006 MB of 0.006 MB uploadedwandb: \ 0.006 MB of 0.015 MB uploadedwandb: | 0.015 MB of 0.015 MB uploadedwandb: 
wandb: Run history:
wandb:    Testing Precision ██▆█▁▆▇▇█▇
wandb:       Testing Recall ██▅█▁▅▇█▇▇
wandb:   Training Precision ██▆█▁▆▇▇█▇
wandb:      Training Recall ██▅█▁▅▇▇▇▇
wandb: Validation Precision ██▇█▁▆▇▇█▇
wandb:    Validation Recall ██▅█▁▅▇▇▇▇
wandb:           train_loss ▁▁▂▁█▁▁▁▁▆
wandb: 
wandb: Run summary:
wandb:    Testing Precision 0.72656
wandb:       Testing Recall 0.64731
wandb:   Training Precision 0.7536
wandb:      Training Recall 0.67728
wandb: Validation Precision 0.72945
wandb:    Validation Recall 0.64974
wandb:           train_loss 381709.375
wandb: 
wandb: 🚀 View run logger-inm705_Backbone at: https://wandb.ai/sean-lim/inm705_CW/runs/mfgnm5gm
wandb: ️⚡ View job at https://wandb.ai/sean-lim/inm705_CW/jobs/QXJ0aWZhY3RDb2xsZWN0aW9uOjE1MDc4OTA0Ng==/version_details/v10
wandb: Synced 5 W&B file(s), 0 media file(s), 0 artifact file(s) and 0 other file(s)
wandb: Find logs at: ./wandb/run-20240415_152119-mfgnm5gm/logs
